GAS LISTING C:\Users\test\AppData\Local\Temp\ccUXozFQ.s 			page 1


   1              		.file	"gd32vf10x-spi.c"
   2              		.option nopic
   3              		.text
   4              	.Ltext0:
   5              		.cfi_sections	.debug_frame
   6              		.section	.text.gd32vf10x_spi_probe,"ax",@progbits
   7              		.align	1
   9              	gd32vf10x_spi_probe:
  10              	.LFB6:
  11              		.file 1 "arch/riscv/mach-gd32vf10x/drivers/gd32vf10x-spi.c"
   1:arch/riscv/mach-gd32vf10x/drivers/gd32vf10x-spi.c **** #include "spi-core.h"
   2:arch/riscv/mach-gd32vf10x/drivers/gd32vf10x-spi.c **** 
   3:arch/riscv/mach-gd32vf10x/drivers/gd32vf10x-spi.c **** 
   4:arch/riscv/mach-gd32vf10x/drivers/gd32vf10x-spi.c **** 
   5:arch/riscv/mach-gd32vf10x/drivers/gd32vf10x-spi.c **** static int8_t gd32vf10x_spi_probe(struct spi_device *dev)
   6:arch/riscv/mach-gd32vf10x/drivers/gd32vf10x-spi.c **** {
  12              		.loc 1 6 1
  13              		.cfi_startproc
  14              	.LVL0:
   7:arch/riscv/mach-gd32vf10x/drivers/gd32vf10x-spi.c **** 
   8:arch/riscv/mach-gd32vf10x/drivers/gd32vf10x-spi.c **** }
  15              		.loc 1 8 1
  16              	.LVL1:
  17 0000 8280     		ret
  18              		.cfi_endproc
  19              	.LFE6:
  21              		.section	.text.gd32vf10x_spi_write,"ax",@progbits
  22              		.align	1
  24              	gd32vf10x_spi_write:
  25              	.LFB8:
   9:arch/riscv/mach-gd32vf10x/drivers/gd32vf10x-spi.c **** 
  10:arch/riscv/mach-gd32vf10x/drivers/gd32vf10x-spi.c **** static int8_t  gd32vf10x_spi_remove(struct spi_device *dev)
  11:arch/riscv/mach-gd32vf10x/drivers/gd32vf10x-spi.c **** {
  12:arch/riscv/mach-gd32vf10x/drivers/gd32vf10x-spi.c **** 
  13:arch/riscv/mach-gd32vf10x/drivers/gd32vf10x-spi.c **** }
  14:arch/riscv/mach-gd32vf10x/drivers/gd32vf10x-spi.c **** 
  15:arch/riscv/mach-gd32vf10x/drivers/gd32vf10x-spi.c **** static uint32_t gd32vf10x_spi_write(struct spi_device *dev, uint8_t *buffer, uint32_t len)
  16:arch/riscv/mach-gd32vf10x/drivers/gd32vf10x-spi.c **** {
  26              		.loc 1 16 1
  27              		.cfi_startproc
  28              	.LVL2:
  17:arch/riscv/mach-gd32vf10x/drivers/gd32vf10x-spi.c **** 
  18:arch/riscv/mach-gd32vf10x/drivers/gd32vf10x-spi.c **** }
  29              		.loc 1 18 1
  30              	.LVL3:
  31 0000 8280     		ret
  32              		.cfi_endproc
  33              	.LFE8:
  35              		.section	.text.gd32vf10x_spi_transfer,"ax",@progbits
  36              		.align	1
  38              	gd32vf10x_spi_transfer:
  39              	.LFB10:
  19:arch/riscv/mach-gd32vf10x/drivers/gd32vf10x-spi.c **** 
  20:arch/riscv/mach-gd32vf10x/drivers/gd32vf10x-spi.c **** static uint32_t gd32vf10x_spi_read(struct spi_device *dev, uint8_t *buffer, uint32_t len)
  21:arch/riscv/mach-gd32vf10x/drivers/gd32vf10x-spi.c **** {
  22:arch/riscv/mach-gd32vf10x/drivers/gd32vf10x-spi.c **** 
  23:arch/riscv/mach-gd32vf10x/drivers/gd32vf10x-spi.c **** }
GAS LISTING C:\Users\test\AppData\Local\Temp\ccUXozFQ.s 			page 2


  24:arch/riscv/mach-gd32vf10x/drivers/gd32vf10x-spi.c **** 
  25:arch/riscv/mach-gd32vf10x/drivers/gd32vf10x-spi.c **** static uint32_t gd32vf10x_spi_transfer(struct spi_device *dev,struct  spi_xfer *xfer)
  26:arch/riscv/mach-gd32vf10x/drivers/gd32vf10x-spi.c **** {
  40              		.loc 1 26 1
  41              		.cfi_startproc
  42              	.LVL4:
  27:arch/riscv/mach-gd32vf10x/drivers/gd32vf10x-spi.c ****     
  28:arch/riscv/mach-gd32vf10x/drivers/gd32vf10x-spi.c **** }
  43              		.loc 1 28 1
  44              	.LVL5:
  45 0000 8280     		ret
  46              		.cfi_endproc
  47              	.LFE10:
  49              		.section	.text.gd32vf10x_spi_set_speed,"ax",@progbits
  50              		.align	1
  52              	gd32vf10x_spi_set_speed:
  53              	.LFB11:
  29:arch/riscv/mach-gd32vf10x/drivers/gd32vf10x-spi.c **** 
  30:arch/riscv/mach-gd32vf10x/drivers/gd32vf10x-spi.c **** static int8_t gd32vf10x_spi_set_speed(struct spi_device *dev, uint32_t speed_hz)
  31:arch/riscv/mach-gd32vf10x/drivers/gd32vf10x-spi.c **** {
  54              		.loc 1 31 1
  55              		.cfi_startproc
  56              	.LVL6:
  32:arch/riscv/mach-gd32vf10x/drivers/gd32vf10x-spi.c **** 
  33:arch/riscv/mach-gd32vf10x/drivers/gd32vf10x-spi.c **** }
  57              		.loc 1 33 1
  58              	.LVL7:
  59 0000 8280     		ret
  60              		.cfi_endproc
  61              	.LFE11:
  63              		.section	.text.gd32vf10x_spi_read,"ax",@progbits
  64              		.align	1
  66              	gd32vf10x_spi_read:
  67              	.LFB15:
  68              		.cfi_startproc
  69 0000 0145     		li	a0,0
  70 0002 8280     		ret
  71              		.cfi_endproc
  72              	.LFE15:
  74              		.section	.text.gd32vf10x_spi_remove,"ax",@progbits
  75              		.align	1
  77              	gd32vf10x_spi_remove:
  78              	.LFB13:
  79              		.cfi_startproc
  80 0000 0145     		li	a0,0
  81 0002 8280     		ret
  82              		.cfi_endproc
  83              	.LFE13:
  85              		.globl	gd32vf10x_spi_master
  86              		.section	.__spi_core_init,"aw"
  87              		.align	2
  90              	gd32vf10x_spi_master:
  91 0000 00000000 		.zero	4
  92 0004 00000000 		.word	gd32vf10x_spi_probe
  93 0008 00000000 		.word	gd32vf10x_spi_remove
  94 000c 00000000 		.word	gd32vf10x_spi_set_speed
  95 0010 00000000 		.word	gd32vf10x_spi_write
GAS LISTING C:\Users\test\AppData\Local\Temp\ccUXozFQ.s 			page 3


  96 0014 00000000 		.word	gd32vf10x_spi_read
  97 0018 00000000 		.word	gd32vf10x_spi_transfer
  98              		.text
  99              	.Letext0:
 100              		.file 2 "d:\\risc_v_gcc\\riscv-none-embed\\include\\machine\\_default_types.h"
 101              		.file 3 "d:\\risc_v_gcc\\riscv-none-embed\\include\\sys\\_stdint.h"
 102              		.file 4 "core/module.h"
 103              		.file 5 "core/spi-core.h"
GAS LISTING C:\Users\test\AppData\Local\Temp\ccUXozFQ.s 			page 4


DEFINED SYMBOLS
                            *ABS*:0000000000000000 gd32vf10x-spi.c
C:\Users\test\AppData\Local\Temp\ccUXozFQ.s:9      .text.gd32vf10x_spi_probe:0000000000000000 gd32vf10x_spi_probe
C:\Users\test\AppData\Local\Temp\ccUXozFQ.s:13     .text.gd32vf10x_spi_probe:0000000000000000 .L0 
C:\Users\test\AppData\Local\Temp\ccUXozFQ.s:15     .text.gd32vf10x_spi_probe:0000000000000000 .L0 
C:\Users\test\AppData\Local\Temp\ccUXozFQ.s:17     .text.gd32vf10x_spi_probe:0000000000000000 .L0 
C:\Users\test\AppData\Local\Temp\ccUXozFQ.s:18     .text.gd32vf10x_spi_probe:0000000000000002 .L0 
C:\Users\test\AppData\Local\Temp\ccUXozFQ.s:24     .text.gd32vf10x_spi_write:0000000000000000 gd32vf10x_spi_write
C:\Users\test\AppData\Local\Temp\ccUXozFQ.s:27     .text.gd32vf10x_spi_write:0000000000000000 .L0 
C:\Users\test\AppData\Local\Temp\ccUXozFQ.s:29     .text.gd32vf10x_spi_write:0000000000000000 .L0 
C:\Users\test\AppData\Local\Temp\ccUXozFQ.s:31     .text.gd32vf10x_spi_write:0000000000000000 .L0 
C:\Users\test\AppData\Local\Temp\ccUXozFQ.s:32     .text.gd32vf10x_spi_write:0000000000000002 .L0 
C:\Users\test\AppData\Local\Temp\ccUXozFQ.s:38     .text.gd32vf10x_spi_transfer:0000000000000000 gd32vf10x_spi_transfer
C:\Users\test\AppData\Local\Temp\ccUXozFQ.s:41     .text.gd32vf10x_spi_transfer:0000000000000000 .L0 
C:\Users\test\AppData\Local\Temp\ccUXozFQ.s:43     .text.gd32vf10x_spi_transfer:0000000000000000 .L0 
C:\Users\test\AppData\Local\Temp\ccUXozFQ.s:45     .text.gd32vf10x_spi_transfer:0000000000000000 .L0 
C:\Users\test\AppData\Local\Temp\ccUXozFQ.s:46     .text.gd32vf10x_spi_transfer:0000000000000002 .L0 
C:\Users\test\AppData\Local\Temp\ccUXozFQ.s:52     .text.gd32vf10x_spi_set_speed:0000000000000000 gd32vf10x_spi_set_speed
C:\Users\test\AppData\Local\Temp\ccUXozFQ.s:55     .text.gd32vf10x_spi_set_speed:0000000000000000 .L0 
C:\Users\test\AppData\Local\Temp\ccUXozFQ.s:57     .text.gd32vf10x_spi_set_speed:0000000000000000 .L0 
C:\Users\test\AppData\Local\Temp\ccUXozFQ.s:59     .text.gd32vf10x_spi_set_speed:0000000000000000 .L0 
C:\Users\test\AppData\Local\Temp\ccUXozFQ.s:60     .text.gd32vf10x_spi_set_speed:0000000000000002 .L0 
C:\Users\test\AppData\Local\Temp\ccUXozFQ.s:66     .text.gd32vf10x_spi_read:0000000000000000 gd32vf10x_spi_read
C:\Users\test\AppData\Local\Temp\ccUXozFQ.s:68     .text.gd32vf10x_spi_read:0000000000000000 .L0 
C:\Users\test\AppData\Local\Temp\ccUXozFQ.s:71     .text.gd32vf10x_spi_read:0000000000000004 .L0 
C:\Users\test\AppData\Local\Temp\ccUXozFQ.s:77     .text.gd32vf10x_spi_remove:0000000000000000 gd32vf10x_spi_remove
C:\Users\test\AppData\Local\Temp\ccUXozFQ.s:79     .text.gd32vf10x_spi_remove:0000000000000000 .L0 
C:\Users\test\AppData\Local\Temp\ccUXozFQ.s:82     .text.gd32vf10x_spi_remove:0000000000000004 .L0 
C:\Users\test\AppData\Local\Temp\ccUXozFQ.s:90     .__spi_core_init:0000000000000000 gd32vf10x_spi_master
C:\Users\test\AppData\Local\Temp\ccUXozFQ.s:21     .text.gd32vf10x_spi_probe:0000000000000002 .L0 
C:\Users\test\AppData\Local\Temp\ccUXozFQ.s:35     .text.gd32vf10x_spi_write:0000000000000002 .L0 
C:\Users\test\AppData\Local\Temp\ccUXozFQ.s:49     .text.gd32vf10x_spi_transfer:0000000000000002 .L0 
C:\Users\test\AppData\Local\Temp\ccUXozFQ.s:63     .text.gd32vf10x_spi_set_speed:0000000000000002 .L0 
                     .debug_frame:0000000000000000 .L0 
C:\Users\test\AppData\Local\Temp\ccUXozFQ.s:741    .debug_abbrev:0000000000000000 .Ldebug_abbrev0
C:\Users\test\AppData\Local\Temp\ccUXozFQ.s:1241   .debug_str:0000000000000113 .LASF55
C:\Users\test\AppData\Local\Temp\ccUXozFQ.s:1251   .debug_str:00000000000001b7 .LASF56
C:\Users\test\AppData\Local\Temp\ccUXozFQ.s:1285   .debug_str:00000000000002c3 .LASF57
C:\Users\test\AppData\Local\Temp\ccUXozFQ.s:1175   .debug_ranges:0000000000000000 .Ldebug_ranges0
C:\Users\test\AppData\Local\Temp\ccUXozFQ.s:1187   .debug_line:0000000000000000 .Ldebug_line0
C:\Users\test\AppData\Local\Temp\ccUXozFQ.s:1261   .debug_str:0000000000000222 .LASF0
C:\Users\test\AppData\Local\Temp\ccUXozFQ.s:1235   .debug_str:00000000000000ea .LASF2
C:\Users\test\AppData\Local\Temp\ccUXozFQ.s:1227   .debug_str:00000000000000bb .LASF1
C:\Users\test\AppData\Local\Temp\ccUXozFQ.s:1233   .debug_str:00000000000000dc .LASF3
C:\Users\test\AppData\Local\Temp\ccUXozFQ.s:1197   .debug_str:0000000000000028 .LASF4
C:\Users\test\AppData\Local\Temp\ccUXozFQ.s:1205   .debug_str:000000000000004c .LASF5
C:\Users\test\AppData\Local\Temp\ccUXozFQ.s:1257   .debug_str:00000000000001f7 .LASF6
C:\Users\test\AppData\Local\Temp\ccUXozFQ.s:1219   .debug_str:0000000000000094 .LASF7
C:\Users\test\AppData\Local\Temp\ccUXozFQ.s:1201   .debug_str:000000000000003c .LASF8
C:\Users\test\AppData\Local\Temp\ccUXozFQ.s:1273   .debug_str:000000000000026e .LASF9
C:\Users\test\AppData\Local\Temp\ccUXozFQ.s:1213   .debug_str:000000000000006d .LASF10
C:\Users\test\AppData\Local\Temp\ccUXozFQ.s:1239   .debug_str:00000000000000fc .LASF11
C:\Users\test\AppData\Local\Temp\ccUXozFQ.s:1245   .debug_str:0000000000000196 .LASF12
C:\Users\test\AppData\Local\Temp\ccUXozFQ.s:1193   .debug_str:000000000000000e .LASF13
C:\Users\test\AppData\Local\Temp\ccUXozFQ.s:1207   .debug_str:0000000000000057 .LASF14
C:\Users\test\AppData\Local\Temp\ccUXozFQ.s:1247   .debug_str:00000000000001a3 .LASF15
C:\Users\test\AppData\Local\Temp\ccUXozFQ.s:1243   .debug_str:000000000000018d .LASF16
GAS LISTING C:\Users\test\AppData\Local\Temp\ccUXozFQ.s 			page 5


C:\Users\test\AppData\Local\Temp\ccUXozFQ.s:1297   .debug_str:0000000000000334 .LASF17
C:\Users\test\AppData\Local\Temp\ccUXozFQ.s:1215   .debug_str:000000000000007b .LASF18
C:\Users\test\AppData\Local\Temp\ccUXozFQ.s:1265   .debug_str:0000000000000236 .LASF19
C:\Users\test\AppData\Local\Temp\ccUXozFQ.s:1271   .debug_str:000000000000025d .LASF20
C:\Users\test\AppData\Local\Temp\ccUXozFQ.s:1301   .debug_str:0000000000000359 .LASF21
C:\Users\test\AppData\Local\Temp\ccUXozFQ.s:1303   .debug_str:0000000000000369 .LASF22
C:\Users\test\AppData\Local\Temp\ccUXozFQ.s:1267   .debug_str:0000000000000246 .LASF23
C:\Users\test\AppData\Local\Temp\ccUXozFQ.s:1231   .debug_str:00000000000000cc .LASF24
C:\Users\test\AppData\Local\Temp\ccUXozFQ.s:1225   .debug_str:00000000000000ab .LASF25
C:\Users\test\AppData\Local\Temp\ccUXozFQ.s:1293   .debug_str:000000000000030d .LASF26
C:\Users\test\AppData\Local\Temp\ccUXozFQ.s:1249   .debug_str:00000000000001ac .LASF31
C:\Users\test\AppData\Local\Temp\ccUXozFQ.s:1223   .debug_str:00000000000000a6 .LASF27
C:\Users\test\AppData\Local\Temp\ccUXozFQ.s:1237   .debug_str:00000000000000f6 .LASF28
C:\Users\test\AppData\Local\Temp\ccUXozFQ.s:1217   .debug_str:000000000000008b .LASF29
C:\Users\test\AppData\Local\Temp\ccUXozFQ.s:1229   .debug_str:00000000000000c5 .LASF30
C:\Users\test\AppData\Local\Temp\ccUXozFQ.s:1263   .debug_str:000000000000022b .LASF32
C:\Users\test\AppData\Local\Temp\ccUXozFQ.s:1209   .debug_str:000000000000005f .LASF33
C:\Users\test\AppData\Local\Temp\ccUXozFQ.s:1189   .debug_str:0000000000000000 .LASF34
C:\Users\test\AppData\Local\Temp\ccUXozFQ.s:1191   .debug_str:0000000000000007 .LASF35
C:\Users\test\AppData\Local\Temp\ccUXozFQ.s:1203   .debug_str:0000000000000047 .LASF36
C:\Users\test\AppData\Local\Temp\ccUXozFQ.s:1291   .debug_str:0000000000000308 .LASF37
C:\Users\test\AppData\Local\Temp\ccUXozFQ.s:1199   .debug_str:0000000000000032 .LASF38
C:\Users\test\AppData\Local\Temp\ccUXozFQ.s:1255   .debug_str:00000000000001ef .LASF39
C:\Users\test\AppData\Local\Temp\ccUXozFQ.s:1253   .debug_str:00000000000001e9 .LASF40
C:\Users\test\AppData\Local\Temp\ccUXozFQ.s:1275   .debug_str:0000000000000280 .LASF41
C:\Users\test\AppData\Local\Temp\ccUXozFQ.s:1277   .debug_str:0000000000000287 .LASF42
C:\Users\test\AppData\Local\Temp\ccUXozFQ.s:1283   .debug_str:00000000000002bd .LASF43
C:\Users\test\AppData\Local\Temp\ccUXozFQ.s:1211   .debug_str:0000000000000068 .LASF44
C:\Users\test\AppData\Local\Temp\ccUXozFQ.s:1221   .debug_str:000000000000009d .LASF45
C:\Users\test\AppData\Local\Temp\ccUXozFQ.s:1295   .debug_str:000000000000031f .LASF46
C:\Users\test\AppData\Local\Temp\ccUXozFQ.s:1259   .debug_str:000000000000020a .LASF47
C:\Users\test\AppData\Local\Temp\ccUXozFQ.s:53     .text.gd32vf10x_spi_set_speed:0000000000000000 .LFB11
C:\Users\test\AppData\Local\Temp\ccUXozFQ.s:61     .text.gd32vf10x_spi_set_speed:0000000000000002 .LFE11
C:\Users\test\AppData\Local\Temp\ccUXozFQ.s:1100   .debug_loc:0000000000000000 .LLST3
C:\Users\test\AppData\Local\Temp\ccUXozFQ.s:1281   .debug_str:00000000000002a6 .LASF48
C:\Users\test\AppData\Local\Temp\ccUXozFQ.s:39     .text.gd32vf10x_spi_transfer:0000000000000000 .LFB10
C:\Users\test\AppData\Local\Temp\ccUXozFQ.s:47     .text.gd32vf10x_spi_transfer:0000000000000002 .LFE10
C:\Users\test\AppData\Local\Temp\ccUXozFQ.s:1114   .debug_loc:0000000000000021 .LLST2
C:\Users\test\AppData\Local\Temp\ccUXozFQ.s:1287   .debug_str:00000000000002ef .LASF49
C:\Users\test\AppData\Local\Temp\ccUXozFQ.s:1195   .debug_str:0000000000000015 .LASF51
C:\Users\test\AppData\Local\Temp\ccUXozFQ.s:1269   .debug_str:0000000000000256 .LASF50
C:\Users\test\AppData\Local\Temp\ccUXozFQ.s:1289   .debug_str:00000000000002f4 .LASF53
C:\Users\test\AppData\Local\Temp\ccUXozFQ.s:1279   .debug_str:0000000000000291 .LASF52
C:\Users\test\AppData\Local\Temp\ccUXozFQ.s:1299   .debug_str:0000000000000345 .LASF54
C:\Users\test\AppData\Local\Temp\ccUXozFQ.s:10     .text.gd32vf10x_spi_probe:0000000000000000 .LFB6
C:\Users\test\AppData\Local\Temp\ccUXozFQ.s:19     .text.gd32vf10x_spi_probe:0000000000000002 .LFE6
C:\Users\test\AppData\Local\Temp\ccUXozFQ.s:1128   .debug_loc:0000000000000042 .LLST0
C:\Users\test\AppData\Local\Temp\ccUXozFQ.s:25     .text.gd32vf10x_spi_write:0000000000000000 .LFB8
C:\Users\test\AppData\Local\Temp\ccUXozFQ.s:33     .text.gd32vf10x_spi_write:0000000000000002 .LFE8
C:\Users\test\AppData\Local\Temp\ccUXozFQ.s:1142   .debug_loc:0000000000000063 .LLST1
C:\Users\test\AppData\Local\Temp\ccUXozFQ.s:56     .text.gd32vf10x_spi_set_speed:0000000000000000 .LVL6
C:\Users\test\AppData\Local\Temp\ccUXozFQ.s:58     .text.gd32vf10x_spi_set_speed:0000000000000000 .LVL7
C:\Users\test\AppData\Local\Temp\ccUXozFQ.s:42     .text.gd32vf10x_spi_transfer:0000000000000000 .LVL4
C:\Users\test\AppData\Local\Temp\ccUXozFQ.s:44     .text.gd32vf10x_spi_transfer:0000000000000000 .LVL5
C:\Users\test\AppData\Local\Temp\ccUXozFQ.s:14     .text.gd32vf10x_spi_probe:0000000000000000 .LVL0
C:\Users\test\AppData\Local\Temp\ccUXozFQ.s:16     .text.gd32vf10x_spi_probe:0000000000000000 .LVL1
C:\Users\test\AppData\Local\Temp\ccUXozFQ.s:28     .text.gd32vf10x_spi_write:0000000000000000 .LVL2
GAS LISTING C:\Users\test\AppData\Local\Temp\ccUXozFQ.s 			page 6


C:\Users\test\AppData\Local\Temp\ccUXozFQ.s:30     .text.gd32vf10x_spi_write:0000000000000000 .LVL3
C:\Users\test\AppData\Local\Temp\ccUXozFQ.s:105    .debug_info:0000000000000000 .Ldebug_info0

NO UNDEFINED SYMBOLS
