GAS LISTING C:\Users\test\AppData\Local\Temp\ccdeoYeg.s 			page 1


   1              		.file	"gd32vf103_eclic.c"
   2              		.option nopic
   3              		.text
   4              	.Ltext0:
   5              		.cfi_sections	.debug_frame
   6              		.section	.text.eclic_global_interrupt_enable,"ax",@progbits
   7              		.align	1
   8              		.globl	eclic_global_interrupt_enable
  10              	eclic_global_interrupt_enable:
  11              	.LFB2:
  12              		.file 1 "arch/riscv/mach-gd32vf10x/bsp/gd32vf103_eclic.c"
   1:arch/riscv/mach-gd32vf10x/bsp/gd32vf103_eclic.c **** /*!
   2:arch/riscv/mach-gd32vf10x/bsp/gd32vf103_eclic.c ****     \file  gd32vf103_eclic.c
   3:arch/riscv/mach-gd32vf10x/bsp/gd32vf103_eclic.c ****     \brief ECLIC(Enhancement Core-Local Interrupt Controller) driver
   4:arch/riscv/mach-gd32vf10x/bsp/gd32vf103_eclic.c **** 
   5:arch/riscv/mach-gd32vf10x/bsp/gd32vf103_eclic.c ****     \version 2019-6-5, V1.0.0, firmware for GD32VF103
   6:arch/riscv/mach-gd32vf10x/bsp/gd32vf103_eclic.c **** */
   7:arch/riscv/mach-gd32vf10x/bsp/gd32vf103_eclic.c **** 
   8:arch/riscv/mach-gd32vf10x/bsp/gd32vf103_eclic.c **** /*
   9:arch/riscv/mach-gd32vf10x/bsp/gd32vf103_eclic.c ****     Copyright (c) 2019, GigaDevice Semiconductor Inc.
  10:arch/riscv/mach-gd32vf10x/bsp/gd32vf103_eclic.c **** 
  11:arch/riscv/mach-gd32vf10x/bsp/gd32vf103_eclic.c ****     Redistribution and use in source and binary forms, with or without modification,
  12:arch/riscv/mach-gd32vf10x/bsp/gd32vf103_eclic.c **** are permitted provided that the following conditions are met:
  13:arch/riscv/mach-gd32vf10x/bsp/gd32vf103_eclic.c **** 
  14:arch/riscv/mach-gd32vf10x/bsp/gd32vf103_eclic.c ****     1. Redistributions of source code must retain the above copyright notice, this
  15:arch/riscv/mach-gd32vf10x/bsp/gd32vf103_eclic.c ****        list of conditions and the following disclaimer.
  16:arch/riscv/mach-gd32vf10x/bsp/gd32vf103_eclic.c ****     2. Redistributions in binary form must reproduce the above copyright notice,
  17:arch/riscv/mach-gd32vf10x/bsp/gd32vf103_eclic.c ****        this list of conditions and the following disclaimer in the documentation
  18:arch/riscv/mach-gd32vf10x/bsp/gd32vf103_eclic.c ****        and/or other materials provided with the distribution.
  19:arch/riscv/mach-gd32vf10x/bsp/gd32vf103_eclic.c ****     3. Neither the name of the copyright holder nor the names of its contributors
  20:arch/riscv/mach-gd32vf10x/bsp/gd32vf103_eclic.c ****        may be used to endorse or promote products derived from this software without
  21:arch/riscv/mach-gd32vf10x/bsp/gd32vf103_eclic.c ****        specific prior written permission.
  22:arch/riscv/mach-gd32vf10x/bsp/gd32vf103_eclic.c **** 
  23:arch/riscv/mach-gd32vf10x/bsp/gd32vf103_eclic.c ****     THIS SOFTWARE IS PROVIDED BY THE COPYRIGHT HOLDERS AND CONTRIBUTORS "AS IS"
  24:arch/riscv/mach-gd32vf10x/bsp/gd32vf103_eclic.c **** AND ANY EXPRESS OR IMPLIED WARRANTIES, INCLUDING, BUT NOT LIMITED TO, THE IMPLIED
  25:arch/riscv/mach-gd32vf10x/bsp/gd32vf103_eclic.c **** WARRANTIES OF MERCHANTABILITY AND FITNESS FOR A PARTICULAR PURPOSE ARE DISCLAIMED.
  26:arch/riscv/mach-gd32vf10x/bsp/gd32vf103_eclic.c **** IN NO EVENT SHALL THE COPYRIGHT HOLDER OR CONTRIBUTORS BE LIABLE FOR ANY DIRECT,
  27:arch/riscv/mach-gd32vf10x/bsp/gd32vf103_eclic.c **** INDIRECT, INCIDENTAL, SPECIAL, EXEMPLARY, OR CONSEQUENTIAL DAMAGES (INCLUDING, BUT
  28:arch/riscv/mach-gd32vf10x/bsp/gd32vf103_eclic.c **** NOT LIMITED TO, PROCUREMENT OF SUBSTITUTE GOODS OR SERVICES; LOSS OF USE, DATA, OR
  29:arch/riscv/mach-gd32vf10x/bsp/gd32vf103_eclic.c **** PROFITS; OR BUSINESS INTERRUPTION) HOWEVER CAUSED AND ON ANY THEORY OF LIABILITY,
  30:arch/riscv/mach-gd32vf10x/bsp/gd32vf103_eclic.c **** WHETHER IN CONTRACT, STRICT LIABILITY, OR TORT (INCLUDING NEGLIGENCE OR OTHERWISE)
  31:arch/riscv/mach-gd32vf10x/bsp/gd32vf103_eclic.c **** ARISING IN ANY WAY OUT OF THE USE OF THIS SOFTWARE, EVEN IF ADVISED OF THE POSSIBILITY
  32:arch/riscv/mach-gd32vf10x/bsp/gd32vf103_eclic.c **** OF SUCH DAMAGE.
  33:arch/riscv/mach-gd32vf10x/bsp/gd32vf103_eclic.c **** */
  34:arch/riscv/mach-gd32vf10x/bsp/gd32vf103_eclic.c **** 
  35:arch/riscv/mach-gd32vf10x/bsp/gd32vf103_eclic.c **** #include "gd32vf103_eclic.h"
  36:arch/riscv/mach-gd32vf10x/bsp/gd32vf103_eclic.c **** #include "riscv_encoding.h"
  37:arch/riscv/mach-gd32vf10x/bsp/gd32vf103_eclic.c **** 
  38:arch/riscv/mach-gd32vf10x/bsp/gd32vf103_eclic.c **** #define REG_DBGMCU2       ((uint32_t)0xE0042008)
  39:arch/riscv/mach-gd32vf10x/bsp/gd32vf103_eclic.c **** #define REG_DBGMCU2EN     ((uint32_t)0xE004200C)
  40:arch/riscv/mach-gd32vf10x/bsp/gd32vf103_eclic.c **** 
  41:arch/riscv/mach-gd32vf10x/bsp/gd32vf103_eclic.c **** /*!
  42:arch/riscv/mach-gd32vf10x/bsp/gd32vf103_eclic.c ****     \brief      enable the global interrupt
  43:arch/riscv/mach-gd32vf10x/bsp/gd32vf103_eclic.c ****     \param[in]  none
  44:arch/riscv/mach-gd32vf10x/bsp/gd32vf103_eclic.c ****     \param[out] none
  45:arch/riscv/mach-gd32vf10x/bsp/gd32vf103_eclic.c ****     \retval     none
  46:arch/riscv/mach-gd32vf10x/bsp/gd32vf103_eclic.c **** */
GAS LISTING C:\Users\test\AppData\Local\Temp\ccdeoYeg.s 			page 2


  47:arch/riscv/mach-gd32vf10x/bsp/gd32vf103_eclic.c **** void eclic_global_interrupt_enable(void){
  13              		.loc 1 47 41
  14              		.cfi_startproc
  48:arch/riscv/mach-gd32vf10x/bsp/gd32vf103_eclic.c ****     /* set machine interrupt enable bit */
  49:arch/riscv/mach-gd32vf10x/bsp/gd32vf103_eclic.c ****     set_csr(mstatus, MSTATUS_MIE);
  15              		.loc 1 49 5
  16              	.LBB2:
  17              		.loc 1 49 5
  18              		.loc 1 49 5
  19              		.loc 1 49 5
  20              	 #APP
  21              	# 49 "arch/riscv/mach-gd32vf10x/bsp/gd32vf103_eclic.c" 1
  50              	}
  22              		csrrs a5, mstatus, 8
  23              	# 0 "" 2
  24              	.LVL0:
  49:arch/riscv/mach-gd32vf10x/bsp/gd32vf103_eclic.c ****     set_csr(mstatus, MSTATUS_MIE);
  25              		.loc 1 49 5
  26              	 #NO_APP
  27              	.LBE2:
  28              		.loc 1 50 1 is_stmt 0
  29 0004 8280     		ret
  30              		.cfi_endproc
  31              	.LFE2:
  33              		.section	.text.eclic_global_interrupt_disable,"ax",@progbits
  34              		.align	1
  35              		.globl	eclic_global_interrupt_disable
  37              	eclic_global_interrupt_disable:
  38              	.LFB3:
  51:arch/riscv/mach-gd32vf10x/bsp/gd32vf103_eclic.c **** 
  52:arch/riscv/mach-gd32vf10x/bsp/gd32vf103_eclic.c **** /*!
  53:arch/riscv/mach-gd32vf10x/bsp/gd32vf103_eclic.c ****     \brief      disable the global interrupt
  54:arch/riscv/mach-gd32vf10x/bsp/gd32vf103_eclic.c ****     \param[in]  none
  55:arch/riscv/mach-gd32vf10x/bsp/gd32vf103_eclic.c ****     \param[out] none
  56:arch/riscv/mach-gd32vf10x/bsp/gd32vf103_eclic.c ****     \retval     none
  57:arch/riscv/mach-gd32vf10x/bsp/gd32vf103_eclic.c **** */
  58:arch/riscv/mach-gd32vf10x/bsp/gd32vf103_eclic.c **** void eclic_global_interrupt_disable(void){
  39              		.loc 1 58 42 is_stmt 1
  40              		.cfi_startproc
  59:arch/riscv/mach-gd32vf10x/bsp/gd32vf103_eclic.c ****     /* clear machine interrupt enable bit */
  60:arch/riscv/mach-gd32vf10x/bsp/gd32vf103_eclic.c ****     clear_csr(mstatus, MSTATUS_MIE);
  41              		.loc 1 60 5
  42              	.LBB3:
  43              		.loc 1 60 5
  44              		.loc 1 60 5
  45              		.loc 1 60 5
  46              	 #APP
  47              	# 60 "arch/riscv/mach-gd32vf10x/bsp/gd32vf103_eclic.c" 1
  61              	}
  48              		csrrc a5, mstatus, 8
  49              	# 0 "" 2
  50              	.LVL1:
  60:arch/riscv/mach-gd32vf10x/bsp/gd32vf103_eclic.c ****     clear_csr(mstatus, MSTATUS_MIE);
  51              		.loc 1 60 5
  52              	 #NO_APP
  53              	.LBE3:
  54              		.loc 1 61 1 is_stmt 0
GAS LISTING C:\Users\test\AppData\Local\Temp\ccdeoYeg.s 			page 3


  55 0004 8280     		ret
  56              		.cfi_endproc
  57              	.LFE3:
  59              		.section	.text.eclic_priority_group_set,"ax",@progbits
  60              		.align	1
  61              		.globl	eclic_priority_group_set
  63              	eclic_priority_group_set:
  64              	.LFB4:
  62:arch/riscv/mach-gd32vf10x/bsp/gd32vf103_eclic.c **** 
  63:arch/riscv/mach-gd32vf10x/bsp/gd32vf103_eclic.c **** /*!
  64:arch/riscv/mach-gd32vf10x/bsp/gd32vf103_eclic.c ****     \brief      set the priority group
  65:arch/riscv/mach-gd32vf10x/bsp/gd32vf103_eclic.c ****     \param[in]  prigroup: specify the priority group
  66:arch/riscv/mach-gd32vf10x/bsp/gd32vf103_eclic.c ****       \arg        ECLIC_PRIGROUP_LEVEL0_PRIO4
  67:arch/riscv/mach-gd32vf10x/bsp/gd32vf103_eclic.c ****       \arg        ECLIC_PRIGROUP_LEVEL1_PRIO3
  68:arch/riscv/mach-gd32vf10x/bsp/gd32vf103_eclic.c ****       \arg        ECLIC_PRIGROUP_LEVEL2_PRIO2
  69:arch/riscv/mach-gd32vf10x/bsp/gd32vf103_eclic.c ****       \arg        ECLIC_PRIGROUP_LEVEL3_PRIO1
  70:arch/riscv/mach-gd32vf10x/bsp/gd32vf103_eclic.c ****       \arg        ECLIC_PRIGROUP_LEVEL4_PRIO0
  71:arch/riscv/mach-gd32vf10x/bsp/gd32vf103_eclic.c ****     \param[out] none
  72:arch/riscv/mach-gd32vf10x/bsp/gd32vf103_eclic.c ****     \retval     none
  73:arch/riscv/mach-gd32vf10x/bsp/gd32vf103_eclic.c **** */
  74:arch/riscv/mach-gd32vf10x/bsp/gd32vf103_eclic.c **** void eclic_priority_group_set(uint32_t prigroup) {
  65              		.loc 1 74 50 is_stmt 1
  66              		.cfi_startproc
  67              	.LVL2:
  75:arch/riscv/mach-gd32vf10x/bsp/gd32vf103_eclic.c ****     eclic_set_nlbits(prigroup);
  68              		.loc 1 75 5
  69 0000 1375F50F 		andi	a0,a0,0xff
  70              	.LVL3:
  71 0004 17030000 		tail	eclic_set_nlbits
  71      67000300 
  72              	.LVL4:
  73              		.cfi_endproc
  74              	.LFE4:
  76              		.section	.text.eclic_irq_enable,"ax",@progbits
  77              		.align	1
  78              		.globl	eclic_irq_enable
  80              	eclic_irq_enable:
  81              	.LFB5:
  76:arch/riscv/mach-gd32vf10x/bsp/gd32vf103_eclic.c **** }
  77:arch/riscv/mach-gd32vf10x/bsp/gd32vf103_eclic.c **** 
  78:arch/riscv/mach-gd32vf10x/bsp/gd32vf103_eclic.c **** /*!
  79:arch/riscv/mach-gd32vf10x/bsp/gd32vf103_eclic.c ****     \brief      enable the interrupt request
  80:arch/riscv/mach-gd32vf10x/bsp/gd32vf103_eclic.c ****     \param[in]  source: interrupt request, detailed in IRQn_Type
  81:arch/riscv/mach-gd32vf10x/bsp/gd32vf103_eclic.c ****     \param[in]  level: the level needed to set (maximum is 15, refer to the priority group)
  82:arch/riscv/mach-gd32vf10x/bsp/gd32vf103_eclic.c ****     \param[in]  priority: the priority needed to set (maximum is 15, refer to the priority group)
  83:arch/riscv/mach-gd32vf10x/bsp/gd32vf103_eclic.c ****     \param[out] none
  84:arch/riscv/mach-gd32vf10x/bsp/gd32vf103_eclic.c ****     \retval     none
  85:arch/riscv/mach-gd32vf10x/bsp/gd32vf103_eclic.c **** */
  86:arch/riscv/mach-gd32vf10x/bsp/gd32vf103_eclic.c **** void eclic_irq_enable(uint32_t source, uint8_t lvl_abs, uint8_t priority) {
  82              		.loc 1 86 75
  83              		.cfi_startproc
  84              	.LVL5:
  87:arch/riscv/mach-gd32vf10x/bsp/gd32vf103_eclic.c ****     eclic_enable_interrupt(source);
  85              		.loc 1 87 5
  86:arch/riscv/mach-gd32vf10x/bsp/gd32vf103_eclic.c ****     eclic_enable_interrupt(source);
  86              		.loc 1 86 75 is_stmt 0
  87 0000 4111     		addi	sp,sp,-16
GAS LISTING C:\Users\test\AppData\Local\Temp\ccdeoYeg.s 			page 4


  88              	.LCFI0:
  89              		.cfi_def_cfa_offset 16
  90 0002 06C6     		sw	ra,12(sp)
  91 0004 22C4     		sw	s0,8(sp)
  92 0006 26C2     		sw	s1,4(sp)
  93 0008 4AC0     		sw	s2,0(sp)
  94              		.cfi_offset 1, -4
  95              		.cfi_offset 8, -8
  96              		.cfi_offset 9, -12
  97              		.cfi_offset 18, -16
  86:arch/riscv/mach-gd32vf10x/bsp/gd32vf103_eclic.c ****     eclic_enable_interrupt(source);
  98              		.loc 1 86 75
  99 000a 2A84     		mv	s0,a0
 100 000c B284     		mv	s1,a2
 101 000e 2E89     		mv	s2,a1
 102              		.loc 1 87 5
 103 0010 97000000 		call	eclic_enable_interrupt
 103      E7800000 
 104              	.LVL6:
  88:arch/riscv/mach-gd32vf10x/bsp/gd32vf103_eclic.c ****     eclic_set_irq_lvl_abs(source, lvl_abs);
 105              		.loc 1 88 5 is_stmt 1
 106 0018 CA85     		mv	a1,s2
 107 001a 2285     		mv	a0,s0
 108 001c 97000000 		call	eclic_set_irq_lvl_abs
 108      E7800000 
 109              	.LVL7:
  89:arch/riscv/mach-gd32vf10x/bsp/gd32vf103_eclic.c ****     eclic_set_irq_priority(source, priority);
 110              		.loc 1 89 5
 111 0024 2285     		mv	a0,s0
  90:arch/riscv/mach-gd32vf10x/bsp/gd32vf103_eclic.c **** }
 112              		.loc 1 90 1 is_stmt 0
 113 0026 2244     		lw	s0,8(sp)
 114              		.cfi_restore 8
 115              	.LVL8:
 116 0028 B240     		lw	ra,12(sp)
 117              		.cfi_restore 1
 118 002a 0249     		lw	s2,0(sp)
 119              		.cfi_restore 18
  89:arch/riscv/mach-gd32vf10x/bsp/gd32vf103_eclic.c ****     eclic_set_irq_priority(source, priority);
 120              		.loc 1 89 5
 121 002c A685     		mv	a1,s1
 122              		.loc 1 90 1
 123 002e 9244     		lw	s1,4(sp)
 124              		.cfi_restore 9
 125 0030 4101     		addi	sp,sp,16
 126              	.LCFI1:
 127              		.cfi_def_cfa_offset 0
  89:arch/riscv/mach-gd32vf10x/bsp/gd32vf103_eclic.c ****     eclic_set_irq_priority(source, priority);
 128              		.loc 1 89 5
 129 0032 17030000 		tail	eclic_set_irq_priority
 129      67000300 
 130              	.LVL9:
 131              		.cfi_endproc
 132              	.LFE5:
 134              		.section	.text.eclic_irq_disable,"ax",@progbits
 135              		.align	1
 136              		.globl	eclic_irq_disable
GAS LISTING C:\Users\test\AppData\Local\Temp\ccdeoYeg.s 			page 5


 138              	eclic_irq_disable:
 139              	.LFB6:
  91:arch/riscv/mach-gd32vf10x/bsp/gd32vf103_eclic.c **** 
  92:arch/riscv/mach-gd32vf10x/bsp/gd32vf103_eclic.c **** /*!
  93:arch/riscv/mach-gd32vf10x/bsp/gd32vf103_eclic.c ****     \brief      disable the interrupt request
  94:arch/riscv/mach-gd32vf10x/bsp/gd32vf103_eclic.c ****     \param[in]  source: interrupt request, detailed in IRQn_Type
  95:arch/riscv/mach-gd32vf10x/bsp/gd32vf103_eclic.c ****     \param[out] none
  96:arch/riscv/mach-gd32vf10x/bsp/gd32vf103_eclic.c ****     \retval     none
  97:arch/riscv/mach-gd32vf10x/bsp/gd32vf103_eclic.c **** */
  98:arch/riscv/mach-gd32vf10x/bsp/gd32vf103_eclic.c **** void eclic_irq_disable(uint32_t source) {
 140              		.loc 1 98 41 is_stmt 1
 141              		.cfi_startproc
 142              	.LVL10:
  99:arch/riscv/mach-gd32vf10x/bsp/gd32vf103_eclic.c ****     eclic_disable_interrupt(source);
 143              		.loc 1 99 5
 144 0000 17030000 		tail	eclic_disable_interrupt
 144      67000300 
 145              	.LVL11:
 146              		.cfi_endproc
 147              	.LFE6:
 149              		.section	.text.eclic_system_reset,"ax",@progbits
 150              		.align	1
 151              		.globl	eclic_system_reset
 153              	eclic_system_reset:
 154              	.LFB7:
 100:arch/riscv/mach-gd32vf10x/bsp/gd32vf103_eclic.c **** }
 101:arch/riscv/mach-gd32vf10x/bsp/gd32vf103_eclic.c **** 
 102:arch/riscv/mach-gd32vf10x/bsp/gd32vf103_eclic.c **** /*!
 103:arch/riscv/mach-gd32vf10x/bsp/gd32vf103_eclic.c ****     \brief      reset system
 104:arch/riscv/mach-gd32vf10x/bsp/gd32vf103_eclic.c ****     \param[in]  none
 105:arch/riscv/mach-gd32vf10x/bsp/gd32vf103_eclic.c ****     \param[out] none
 106:arch/riscv/mach-gd32vf10x/bsp/gd32vf103_eclic.c ****     \retval     none
 107:arch/riscv/mach-gd32vf10x/bsp/gd32vf103_eclic.c **** */
 108:arch/riscv/mach-gd32vf10x/bsp/gd32vf103_eclic.c **** void eclic_system_reset(void) {
 155              		.loc 1 108 31
 156              		.cfi_startproc
 109:arch/riscv/mach-gd32vf10x/bsp/gd32vf103_eclic.c ****     REG32(REG_DBGMCU2EN) = 0x4b5a6978;
 157              		.loc 1 109 5
 158              		.loc 1 109 26 is_stmt 0
 159 0000 B7775A4B 		li	a5,1264218112
 160 0004 372704E0 		li	a4,-536600576
 161 0008 93878797 		addi	a5,a5,-1672
 162 000c 5CC7     		sw	a5,12(a4)
 110:arch/riscv/mach-gd32vf10x/bsp/gd32vf103_eclic.c ****     REG32(REG_DBGMCU2) = 0x1;
 163              		.loc 1 110 5 is_stmt 1
 164              		.loc 1 110 24 is_stmt 0
 165 000e 8547     		li	a5,1
 166 0010 1CC7     		sw	a5,8(a4)
 111:arch/riscv/mach-gd32vf10x/bsp/gd32vf103_eclic.c **** }
 167              		.loc 1 111 1
 168 0012 8280     		ret
 169              		.cfi_endproc
 170              	.LFE7:
 172              		.section	.text.eclic_send_event,"ax",@progbits
 173              		.align	1
 174              		.globl	eclic_send_event
 176              	eclic_send_event:
GAS LISTING C:\Users\test\AppData\Local\Temp\ccdeoYeg.s 			page 6


 177              	.LFB8:
 112:arch/riscv/mach-gd32vf10x/bsp/gd32vf103_eclic.c **** 
 113:arch/riscv/mach-gd32vf10x/bsp/gd32vf103_eclic.c **** /*!
 114:arch/riscv/mach-gd32vf10x/bsp/gd32vf103_eclic.c ****     \brief      send event(SEV)
 115:arch/riscv/mach-gd32vf10x/bsp/gd32vf103_eclic.c ****     \param[in]  none
 116:arch/riscv/mach-gd32vf10x/bsp/gd32vf103_eclic.c ****     \param[out] none
 117:arch/riscv/mach-gd32vf10x/bsp/gd32vf103_eclic.c ****     \retval     none
 118:arch/riscv/mach-gd32vf10x/bsp/gd32vf103_eclic.c **** */
 119:arch/riscv/mach-gd32vf10x/bsp/gd32vf103_eclic.c **** void eclic_send_event(void) {
 178              		.loc 1 119 29 is_stmt 1
 179              		.cfi_startproc
 120:arch/riscv/mach-gd32vf10x/bsp/gd32vf103_eclic.c ****     set_csr(0x812, 0x1);
 180              		.loc 1 120 5
 181              	.LBB4:
 182              		.loc 1 120 5
 183              		.loc 1 120 5
 184              		.loc 1 120 5
 185              	 #APP
 186              	# 120 "arch/riscv/mach-gd32vf10x/bsp/gd32vf103_eclic.c" 1
 121              	}
 187              		csrrs a5, 0x812, 1
 188              	# 0 "" 2
 189              	.LVL12:
 120:arch/riscv/mach-gd32vf10x/bsp/gd32vf103_eclic.c ****     set_csr(0x812, 0x1);
 190              		.loc 1 120 5
 191              	 #NO_APP
 192              	.LBE4:
 193              		.loc 1 121 1 is_stmt 0
 194 0004 8280     		ret
 195              		.cfi_endproc
 196              	.LFE8:
 198              		.text
 199              	.Letext0:
 200              		.file 2 "d:\\risc_v_gcc\\riscv-none-embed\\include\\machine\\_default_types.h"
 201              		.file 3 "d:\\risc_v_gcc\\riscv-none-embed\\include\\sys\\_stdint.h"
 202              		.file 4 "arch/riscv/mach-gd32vf10x/system/n200_func.h"
 203              		.file 5 "arch/riscv/mach-gd32vf10x/system/system_gd32vf103.h"
GAS LISTING C:\Users\test\AppData\Local\Temp\ccdeoYeg.s 			page 7


DEFINED SYMBOLS
                            *ABS*:0000000000000000 gd32vf103_eclic.c
C:\Users\test\AppData\Local\Temp\ccdeoYeg.s:10     .text.eclic_global_interrupt_enable:0000000000000000 eclic_global_interrupt_enable
C:\Users\test\AppData\Local\Temp\ccdeoYeg.s:14     .text.eclic_global_interrupt_enable:0000000000000000 .L0 
C:\Users\test\AppData\Local\Temp\ccdeoYeg.s:15     .text.eclic_global_interrupt_enable:0000000000000000 .L0 
C:\Users\test\AppData\Local\Temp\ccdeoYeg.s:17     .text.eclic_global_interrupt_enable:0000000000000000 .L0 
C:\Users\test\AppData\Local\Temp\ccdeoYeg.s:18     .text.eclic_global_interrupt_enable:0000000000000000 .L0 
C:\Users\test\AppData\Local\Temp\ccdeoYeg.s:19     .text.eclic_global_interrupt_enable:0000000000000000 .L0 
arch/riscv/mach-gd32vf10x/bsp/gd32vf103_eclic.c:49     .text.eclic_global_interrupt_enable:0000000000000000 .L0 
C:\Users\test\AppData\Local\Temp\ccdeoYeg.s:28     .text.eclic_global_interrupt_enable:0000000000000004 .L0 
C:\Users\test\AppData\Local\Temp\ccdeoYeg.s:29     .text.eclic_global_interrupt_enable:0000000000000004 .L0 
C:\Users\test\AppData\Local\Temp\ccdeoYeg.s:30     .text.eclic_global_interrupt_enable:0000000000000006 .L0 
C:\Users\test\AppData\Local\Temp\ccdeoYeg.s:37     .text.eclic_global_interrupt_disable:0000000000000000 eclic_global_interrupt_disable
C:\Users\test\AppData\Local\Temp\ccdeoYeg.s:40     .text.eclic_global_interrupt_disable:0000000000000000 .L0 
C:\Users\test\AppData\Local\Temp\ccdeoYeg.s:41     .text.eclic_global_interrupt_disable:0000000000000000 .L0 
C:\Users\test\AppData\Local\Temp\ccdeoYeg.s:43     .text.eclic_global_interrupt_disable:0000000000000000 .L0 
C:\Users\test\AppData\Local\Temp\ccdeoYeg.s:44     .text.eclic_global_interrupt_disable:0000000000000000 .L0 
C:\Users\test\AppData\Local\Temp\ccdeoYeg.s:45     .text.eclic_global_interrupt_disable:0000000000000000 .L0 
arch/riscv/mach-gd32vf10x/bsp/gd32vf103_eclic.c:60     .text.eclic_global_interrupt_disable:0000000000000000 .L0 
C:\Users\test\AppData\Local\Temp\ccdeoYeg.s:54     .text.eclic_global_interrupt_disable:0000000000000004 .L0 
C:\Users\test\AppData\Local\Temp\ccdeoYeg.s:55     .text.eclic_global_interrupt_disable:0000000000000004 .L0 
C:\Users\test\AppData\Local\Temp\ccdeoYeg.s:56     .text.eclic_global_interrupt_disable:0000000000000006 .L0 
C:\Users\test\AppData\Local\Temp\ccdeoYeg.s:63     .text.eclic_priority_group_set:0000000000000000 eclic_priority_group_set
C:\Users\test\AppData\Local\Temp\ccdeoYeg.s:66     .text.eclic_priority_group_set:0000000000000000 .L0 
C:\Users\test\AppData\Local\Temp\ccdeoYeg.s:68     .text.eclic_priority_group_set:0000000000000000 .L0 
C:\Users\test\AppData\Local\Temp\ccdeoYeg.s:69     .text.eclic_priority_group_set:0000000000000000 .L0 
C:\Users\test\AppData\Local\Temp\ccdeoYeg.s:73     .text.eclic_priority_group_set:000000000000000c .L0 
C:\Users\test\AppData\Local\Temp\ccdeoYeg.s:80     .text.eclic_irq_enable:0000000000000000 eclic_irq_enable
C:\Users\test\AppData\Local\Temp\ccdeoYeg.s:83     .text.eclic_irq_enable:0000000000000000 .L0 
C:\Users\test\AppData\Local\Temp\ccdeoYeg.s:85     .text.eclic_irq_enable:0000000000000000 .L0 
C:\Users\test\AppData\Local\Temp\ccdeoYeg.s:86     .text.eclic_irq_enable:0000000000000000 .L0 
C:\Users\test\AppData\Local\Temp\ccdeoYeg.s:87     .text.eclic_irq_enable:0000000000000000 .L0 
C:\Users\test\AppData\Local\Temp\ccdeoYeg.s:89     .text.eclic_irq_enable:0000000000000002 .L0 
C:\Users\test\AppData\Local\Temp\ccdeoYeg.s:94     .text.eclic_irq_enable:000000000000000a .L0 
C:\Users\test\AppData\Local\Temp\ccdeoYeg.s:95     .text.eclic_irq_enable:000000000000000a .L0 
C:\Users\test\AppData\Local\Temp\ccdeoYeg.s:96     .text.eclic_irq_enable:000000000000000a .L0 
C:\Users\test\AppData\Local\Temp\ccdeoYeg.s:97     .text.eclic_irq_enable:000000000000000a .L0 
C:\Users\test\AppData\Local\Temp\ccdeoYeg.s:99     .text.eclic_irq_enable:000000000000000a .L0 
C:\Users\test\AppData\Local\Temp\ccdeoYeg.s:103    .text.eclic_irq_enable:0000000000000010 .L0 
C:\Users\test\AppData\Local\Temp\ccdeoYeg.s:106    .text.eclic_irq_enable:0000000000000018 .L0 
C:\Users\test\AppData\Local\Temp\ccdeoYeg.s:111    .text.eclic_irq_enable:0000000000000024 .L0 
C:\Users\test\AppData\Local\Temp\ccdeoYeg.s:113    .text.eclic_irq_enable:0000000000000026 .L0 
C:\Users\test\AppData\Local\Temp\ccdeoYeg.s:114    .text.eclic_irq_enable:0000000000000028 .L0 
C:\Users\test\AppData\Local\Temp\ccdeoYeg.s:117    .text.eclic_irq_enable:000000000000002a .L0 
C:\Users\test\AppData\Local\Temp\ccdeoYeg.s:119    .text.eclic_irq_enable:000000000000002c .L0 
C:\Users\test\AppData\Local\Temp\ccdeoYeg.s:121    .text.eclic_irq_enable:000000000000002c .L0 
C:\Users\test\AppData\Local\Temp\ccdeoYeg.s:123    .text.eclic_irq_enable:000000000000002e .L0 
C:\Users\test\AppData\Local\Temp\ccdeoYeg.s:124    .text.eclic_irq_enable:0000000000000030 .L0 
C:\Users\test\AppData\Local\Temp\ccdeoYeg.s:127    .text.eclic_irq_enable:0000000000000032 .L0 
C:\Users\test\AppData\Local\Temp\ccdeoYeg.s:129    .text.eclic_irq_enable:0000000000000032 .L0 
C:\Users\test\AppData\Local\Temp\ccdeoYeg.s:131    .text.eclic_irq_enable:000000000000003a .L0 
C:\Users\test\AppData\Local\Temp\ccdeoYeg.s:138    .text.eclic_irq_disable:0000000000000000 eclic_irq_disable
C:\Users\test\AppData\Local\Temp\ccdeoYeg.s:141    .text.eclic_irq_disable:0000000000000000 .L0 
C:\Users\test\AppData\Local\Temp\ccdeoYeg.s:143    .text.eclic_irq_disable:0000000000000000 .L0 
C:\Users\test\AppData\Local\Temp\ccdeoYeg.s:144    .text.eclic_irq_disable:0000000000000000 .L0 
C:\Users\test\AppData\Local\Temp\ccdeoYeg.s:146    .text.eclic_irq_disable:0000000000000008 .L0 
C:\Users\test\AppData\Local\Temp\ccdeoYeg.s:153    .text.eclic_system_reset:0000000000000000 eclic_system_reset
GAS LISTING C:\Users\test\AppData\Local\Temp\ccdeoYeg.s 			page 8


C:\Users\test\AppData\Local\Temp\ccdeoYeg.s:156    .text.eclic_system_reset:0000000000000000 .L0 
C:\Users\test\AppData\Local\Temp\ccdeoYeg.s:157    .text.eclic_system_reset:0000000000000000 .L0 
C:\Users\test\AppData\Local\Temp\ccdeoYeg.s:158    .text.eclic_system_reset:0000000000000000 .L0 
C:\Users\test\AppData\Local\Temp\ccdeoYeg.s:159    .text.eclic_system_reset:0000000000000000 .L0 
C:\Users\test\AppData\Local\Temp\ccdeoYeg.s:164    .text.eclic_system_reset:000000000000000e .L0 
C:\Users\test\AppData\Local\Temp\ccdeoYeg.s:165    .text.eclic_system_reset:000000000000000e .L0 
C:\Users\test\AppData\Local\Temp\ccdeoYeg.s:168    .text.eclic_system_reset:0000000000000012 .L0 
C:\Users\test\AppData\Local\Temp\ccdeoYeg.s:169    .text.eclic_system_reset:0000000000000014 .L0 
C:\Users\test\AppData\Local\Temp\ccdeoYeg.s:176    .text.eclic_send_event:0000000000000000 eclic_send_event
C:\Users\test\AppData\Local\Temp\ccdeoYeg.s:179    .text.eclic_send_event:0000000000000000 .L0 
C:\Users\test\AppData\Local\Temp\ccdeoYeg.s:180    .text.eclic_send_event:0000000000000000 .L0 
C:\Users\test\AppData\Local\Temp\ccdeoYeg.s:182    .text.eclic_send_event:0000000000000000 .L0 
C:\Users\test\AppData\Local\Temp\ccdeoYeg.s:183    .text.eclic_send_event:0000000000000000 .L0 
C:\Users\test\AppData\Local\Temp\ccdeoYeg.s:184    .text.eclic_send_event:0000000000000000 .L0 
arch/riscv/mach-gd32vf10x/bsp/gd32vf103_eclic.c:120    .text.eclic_send_event:0000000000000000 .L0 
C:\Users\test\AppData\Local\Temp\ccdeoYeg.s:193    .text.eclic_send_event:0000000000000004 .L0 
C:\Users\test\AppData\Local\Temp\ccdeoYeg.s:194    .text.eclic_send_event:0000000000000004 .L0 
C:\Users\test\AppData\Local\Temp\ccdeoYeg.s:195    .text.eclic_send_event:0000000000000006 .L0 
C:\Users\test\AppData\Local\Temp\ccdeoYeg.s:33     .text.eclic_global_interrupt_enable:0000000000000006 .L0 
C:\Users\test\AppData\Local\Temp\ccdeoYeg.s:59     .text.eclic_global_interrupt_disable:0000000000000006 .L0 
C:\Users\test\AppData\Local\Temp\ccdeoYeg.s:76     .text.eclic_priority_group_set:000000000000000c .L0 
C:\Users\test\AppData\Local\Temp\ccdeoYeg.s:134    .text.eclic_irq_enable:000000000000003a .L0 
C:\Users\test\AppData\Local\Temp\ccdeoYeg.s:149    .text.eclic_irq_disable:0000000000000008 .L0 
C:\Users\test\AppData\Local\Temp\ccdeoYeg.s:172    .text.eclic_system_reset:0000000000000014 .L0 
C:\Users\test\AppData\Local\Temp\ccdeoYeg.s:198    .text.eclic_send_event:0000000000000006 .L0 
                     .debug_frame:0000000000000000 .L0 
C:\Users\test\AppData\Local\Temp\ccdeoYeg.s:563    .debug_abbrev:0000000000000000 .Ldebug_abbrev0
C:\Users\test\AppData\Local\Temp\ccdeoYeg.s:955    .debug_str:0000000000000000 .LASF29
C:\Users\test\AppData\Local\Temp\ccdeoYeg.s:991    .debug_str:00000000000001b5 .LASF30
C:\Users\test\AppData\Local\Temp\ccdeoYeg.s:981    .debug_str:0000000000000153 .LASF31
C:\Users\test\AppData\Local\Temp\ccdeoYeg.s:935    .debug_ranges:0000000000000000 .Ldebug_ranges0
C:\Users\test\AppData\Local\Temp\ccdeoYeg.s:953    .debug_line:0000000000000000 .Ldebug_line0
C:\Users\test\AppData\Local\Temp\ccdeoYeg.s:987    .debug_str:0000000000000190 .LASF0
C:\Users\test\AppData\Local\Temp\ccdeoYeg.s:1017   .debug_str:0000000000000298 .LASF1
C:\Users\test\AppData\Local\Temp\ccdeoYeg.s:959    .debug_str:0000000000000098 .LASF6
C:\Users\test\AppData\Local\Temp\ccdeoYeg.s:971    .debug_str:0000000000000106 .LASF2
C:\Users\test\AppData\Local\Temp\ccdeoYeg.s:1007   .debug_str:0000000000000254 .LASF3
C:\Users\test\AppData\Local\Temp\ccdeoYeg.s:975    .debug_str:0000000000000126 .LASF4
C:\Users\test\AppData\Local\Temp\ccdeoYeg.s:1015   .debug_str:000000000000028f .LASF5
C:\Users\test\AppData\Local\Temp\ccdeoYeg.s:985    .debug_str:0000000000000185 .LASF7
C:\Users\test\AppData\Local\Temp\ccdeoYeg.s:973    .debug_str:0000000000000114 .LASF8
C:\Users\test\AppData\Local\Temp\ccdeoYeg.s:1001   .debug_str:000000000000021d .LASF9
C:\Users\test\AppData\Local\Temp\ccdeoYeg.s:993    .debug_str:00000000000001e5 .LASF10
C:\Users\test\AppData\Local\Temp\ccdeoYeg.s:995    .debug_str:00000000000001fc .LASF11
C:\Users\test\AppData\Local\Temp\ccdeoYeg.s:1013   .debug_str:0000000000000286 .LASF12
C:\Users\test\AppData\Local\Temp\ccdeoYeg.s:1003   .debug_str:000000000000022b .LASF32
C:\Users\test\AppData\Local\Temp\ccdeoYeg.s:997    .debug_str:0000000000000204 .LASF13
C:\Users\test\AppData\Local\Temp\ccdeoYeg.s:177    .text.eclic_send_event:0000000000000000 .LFB8
C:\Users\test\AppData\Local\Temp\ccdeoYeg.s:196    .text.eclic_send_event:0000000000000006 .LFE8
C:\Users\test\AppData\Local\Temp\ccdeoYeg.s:181    .text.eclic_send_event:0000000000000000 .LBB4
C:\Users\test\AppData\Local\Temp\ccdeoYeg.s:192    .text.eclic_send_event:0000000000000004 .LBE4
C:\Users\test\AppData\Local\Temp\ccdeoYeg.s:983    .debug_str:000000000000017f .LASF22
C:\Users\test\AppData\Local\Temp\ccdeoYeg.s:961    .debug_str:00000000000000a2 .LASF33
C:\Users\test\AppData\Local\Temp\ccdeoYeg.s:154    .text.eclic_system_reset:0000000000000000 .LFB7
C:\Users\test\AppData\Local\Temp\ccdeoYeg.s:170    .text.eclic_system_reset:0000000000000014 .LFE7
C:\Users\test\AppData\Local\Temp\ccdeoYeg.s:967    .debug_str:00000000000000eb .LASF14
C:\Users\test\AppData\Local\Temp\ccdeoYeg.s:139    .text.eclic_irq_disable:0000000000000000 .LFB6
GAS LISTING C:\Users\test\AppData\Local\Temp\ccdeoYeg.s 			page 9


C:\Users\test\AppData\Local\Temp\ccdeoYeg.s:147    .text.eclic_irq_disable:0000000000000008 .LFE6
C:\Users\test\AppData\Local\Temp\ccdeoYeg.s:1019   .debug_str:00000000000002a4 .LASF16
C:\Users\test\AppData\Local\Temp\ccdeoYeg.s:814    .debug_loc:0000000000000000 .LLST5
C:\Users\test\AppData\Local\Temp\ccdeoYeg.s:145    .text.eclic_irq_disable:0000000000000008 .LVL11
C:\Users\test\AppData\Local\Temp\ccdeoYeg.s:979    .debug_str:0000000000000142 .LASF15
C:\Users\test\AppData\Local\Temp\ccdeoYeg.s:81     .text.eclic_irq_enable:0000000000000000 .LFB5
C:\Users\test\AppData\Local\Temp\ccdeoYeg.s:132    .text.eclic_irq_enable:000000000000003a .LFE5
C:\Users\test\AppData\Local\Temp\ccdeoYeg.s:828    .debug_loc:0000000000000021 .LLST1
C:\Users\test\AppData\Local\Temp\ccdeoYeg.s:846    .debug_loc:000000000000004d .LLST2
C:\Users\test\AppData\Local\Temp\ccdeoYeg.s:999    .debug_str:0000000000000215 .LASF17
C:\Users\test\AppData\Local\Temp\ccdeoYeg.s:868    .debug_loc:0000000000000084 .LLST3
C:\Users\test\AppData\Local\Temp\ccdeoYeg.s:977    .debug_str:0000000000000139 .LASF18
C:\Users\test\AppData\Local\Temp\ccdeoYeg.s:882    .debug_loc:00000000000000a5 .LLST4
C:\Users\test\AppData\Local\Temp\ccdeoYeg.s:104    .text.eclic_irq_enable:0000000000000018 .LVL6
C:\Users\test\AppData\Local\Temp\ccdeoYeg.s:109    .text.eclic_irq_enable:0000000000000024 .LVL7
C:\Users\test\AppData\Local\Temp\ccdeoYeg.s:130    .text.eclic_irq_enable:000000000000003a .LVL9
C:\Users\test\AppData\Local\Temp\ccdeoYeg.s:1005   .debug_str:000000000000023b .LASF19
C:\Users\test\AppData\Local\Temp\ccdeoYeg.s:64     .text.eclic_priority_group_set:0000000000000000 .LFB4
C:\Users\test\AppData\Local\Temp\ccdeoYeg.s:74     .text.eclic_priority_group_set:000000000000000c .LFE4
C:\Users\test\AppData\Local\Temp\ccdeoYeg.s:969    .debug_str:00000000000000fd .LASF20
C:\Users\test\AppData\Local\Temp\ccdeoYeg.s:896    .debug_loc:00000000000000c6 .LLST0
C:\Users\test\AppData\Local\Temp\ccdeoYeg.s:72     .text.eclic_priority_group_set:000000000000000c .LVL4
C:\Users\test\AppData\Local\Temp\ccdeoYeg.s:965    .debug_str:00000000000000cc .LASF21
C:\Users\test\AppData\Local\Temp\ccdeoYeg.s:38     .text.eclic_global_interrupt_disable:0000000000000000 .LFB3
C:\Users\test\AppData\Local\Temp\ccdeoYeg.s:57     .text.eclic_global_interrupt_disable:0000000000000006 .LFE3
C:\Users\test\AppData\Local\Temp\ccdeoYeg.s:42     .text.eclic_global_interrupt_disable:0000000000000000 .LBB3
C:\Users\test\AppData\Local\Temp\ccdeoYeg.s:53     .text.eclic_global_interrupt_disable:0000000000000004 .LBE3
C:\Users\test\AppData\Local\Temp\ccdeoYeg.s:957    .debug_str:000000000000007a .LASF23
C:\Users\test\AppData\Local\Temp\ccdeoYeg.s:11     .text.eclic_global_interrupt_enable:0000000000000000 .LFB2
C:\Users\test\AppData\Local\Temp\ccdeoYeg.s:31     .text.eclic_global_interrupt_enable:0000000000000006 .LFE2
C:\Users\test\AppData\Local\Temp\ccdeoYeg.s:16     .text.eclic_global_interrupt_enable:0000000000000000 .LBB2
C:\Users\test\AppData\Local\Temp\ccdeoYeg.s:27     .text.eclic_global_interrupt_enable:0000000000000004 .LBE2
C:\Users\test\AppData\Local\Temp\ccdeoYeg.s:989    .debug_str:000000000000019d .LASF24
C:\Users\test\AppData\Local\Temp\ccdeoYeg.s:963    .debug_str:00000000000000b5 .LASF25
C:\Users\test\AppData\Local\Temp\ccdeoYeg.s:1021   .debug_str:00000000000002ab .LASF26
C:\Users\test\AppData\Local\Temp\ccdeoYeg.s:1009   .debug_str:000000000000025e .LASF27
C:\Users\test\AppData\Local\Temp\ccdeoYeg.s:1011   .debug_str:0000000000000275 .LASF28
C:\Users\test\AppData\Local\Temp\ccdeoYeg.s:142    .text.eclic_irq_disable:0000000000000000 .LVL10
C:\Users\test\AppData\Local\Temp\ccdeoYeg.s:88     .text.eclic_irq_enable:0000000000000002 .LCFI0
C:\Users\test\AppData\Local\Temp\ccdeoYeg.s:126    .text.eclic_irq_enable:0000000000000032 .LCFI1
C:\Users\test\AppData\Local\Temp\ccdeoYeg.s:84     .text.eclic_irq_enable:0000000000000000 .LVL5
C:\Users\test\AppData\Local\Temp\ccdeoYeg.s:115    .text.eclic_irq_enable:0000000000000028 .LVL8
C:\Users\test\AppData\Local\Temp\ccdeoYeg.s:67     .text.eclic_priority_group_set:0000000000000000 .LVL2
C:\Users\test\AppData\Local\Temp\ccdeoYeg.s:70     .text.eclic_priority_group_set:0000000000000004 .LVL3
C:\Users\test\AppData\Local\Temp\ccdeoYeg.s:205    .debug_info:0000000000000000 .Ldebug_info0

UNDEFINED SYMBOLS
eclic_set_nlbits
eclic_enable_interrupt
eclic_set_irq_lvl_abs
eclic_set_irq_priority
eclic_disable_interrupt
